<?xml version="1.0" encoding="UTF-8"?>
<!-- Generated by org.testng.reporters.JUnitReportReporter -->
<testsuite skipped="0" hostname="THANHHX-PC" name="selenium.testngdemo.TestNGDemo" tests="2" failures="0" timestamp="28 Jun 2019 14:15:42 GMT" time="51.514" errors="0">
  <testcase name="demoTest3" time="38.099" classname="selenium.testngdemo.TestNGDemo"/>
  <testcase name="demoTest3" time="13.415" classname="selenium.testngdemo.TestNGDemo"/>
</testsuite> <!-- selenium.testngdemo.TestNGDemo -->
